TN:
SF:C:\Users\Ahmed\Desktop\ZenApp\Frontend\src\polyfills.ts
FNF:0
FNH:0
LF:0
LH:0
BRF:0
BRH:0
end_of_record
TN:
SF:C:\Users\Ahmed\Desktop\ZenApp\Frontend\src\test.ts
FNF:0
FNH:0
DA:13,1
DA:18,1
DA:20,1
LF:3
LH:3
BRF:0
BRH:0
end_of_record
TN:
SF:C:\Users\Ahmed\Desktop\ZenApp\Frontend\src\app\app.component.ts
FNF:0
FNH:0
DA:8,1
LF:1
LH:1
BRF:0
BRH:0
end_of_record
TN:
SF:C:\Users\Ahmed\Desktop\ZenApp\Frontend\src\app\meditation.enum.ts
FN:1,(anonymous_0)
FNF:1
FNH:1
FNDA:1,(anonymous_0)
DA:1,1
DA:2,1
DA:3,1
DA:4,1
DA:5,1
DA:6,1
DA:7,1
DA:8,1
DA:9,1
DA:10,1
LF:10
LH:10
BRDA:1,0,0,1
BRDA:1,0,1,1
BRF:2
BRH:2
end_of_record
TN:
SF:C:\Users\Ahmed\Desktop\ZenApp\Frontend\src\app\yoga.enum.ts
FN:1,(anonymous_0)
FNF:1
FNH:1
FNDA:1,(anonymous_0)
DA:1,1
DA:2,1
DA:3,1
LF:3
LH:3
BRDA:1,0,0,1
BRDA:1,0,1,1
BRF:2
BRH:2
end_of_record
TN:
SF:C:\Users\Ahmed\Desktop\ZenApp\Frontend\src\app\calendrier\timeline\timeline.component.ts
FN:24,(anonymous_0)
FN:27,(anonymous_1)
FN:31,(anonymous_2)
FN:37,(anonymous_3)
FN:60,(anonymous_4)
FN:62,(anonymous_5)
FN:77,(anonymous_6)
FN:84,(anonymous_7)
FN:89,(anonymous_8)
FN:93,(anonymous_9)
FN:97,(anonymous_10)
FN:104,(anonymous_11)
FN:118,(anonymous_12)
FN:123,(anonymous_13)
FNF:14
FNH:0
FNDA:0,(anonymous_0)
FNDA:0,(anonymous_1)
FNDA:0,(anonymous_2)
FNDA:0,(anonymous_3)
FNDA:0,(anonymous_4)
FNDA:0,(anonymous_5)
FNDA:0,(anonymous_6)
FNDA:0,(anonymous_7)
FNDA:0,(anonymous_8)
FNDA:0,(anonymous_9)
FNDA:0,(anonymous_10)
FNDA:0,(anonymous_11)
FNDA:0,(anonymous_12)
FNDA:0,(anonymous_13)
DA:18,1
DA:20,1
DA:21,0
DA:24,0
DA:25,0
DA:28,0
DA:32,0
DA:33,0
DA:34,0
DA:38,0
DA:39,0
DA:48,0
DA:49,0
DA:50,0
DA:52,0
DA:53,0
DA:55,0
DA:57,0
DA:61,0
DA:62,0
DA:63,0
DA:64,0
DA:65,0
DA:66,0
DA:67,0
DA:69,0
DA:73,0
DA:74,0
DA:75,0
DA:76,0
DA:78,0
DA:79,0
DA:80,0
DA:85,0
DA:90,0
DA:94,0
DA:98,0
DA:99,0
DA:100,0
DA:101,0
DA:105,0
DA:106,0
DA:107,0
DA:108,0
DA:110,0
DA:112,0
DA:113,0
DA:114,0
DA:119,0
DA:120,0
DA:121,0
DA:122,0
DA:124,0
DA:125,0
DA:126,0
LF:55
LH:2
BRDA:52,0,0,0
BRDA:52,0,1,0
BRDA:78,1,0,0
BRDA:78,1,1,0
BRDA:107,2,0,0
BRDA:107,2,1,0
BRDA:112,3,0,0
BRDA:112,3,1,0
BRDA:124,4,0,0
BRDA:124,4,1,0
BRDA:125,5,0,0
BRDA:125,5,1,0
BRF:12
BRH:0
end_of_record
TN:
SF:C:\Users\Ahmed\Desktop\ZenApp\Frontend\src\app\calendrier\window-comment\window-comment.component.ts
FN:16,(anonymous_0)
FN:20,(anonymous_1)
FN:26,(anonymous_2)
FN:32,(anonymous_3)
FN:35,(anonymous_4)
FNF:5
FNH:0
FNDA:0,(anonymous_0)
FNDA:0,(anonymous_1)
FNDA:0,(anonymous_2)
FNDA:0,(anonymous_3)
FNDA:0,(anonymous_4)
DA:11,1
DA:16,0
DA:17,0
DA:18,0
DA:19,0
DA:20,0
DA:21,0
DA:22,0
DA:23,0
DA:24,0
DA:25,0
DA:27,0
DA:36,0
LF:13
LH:1
BRF:0
BRH:0
end_of_record
TN:
SF:C:\Users\Ahmed\Desktop\ZenApp\Frontend\src\app\calendrier\window-time\window-time.component.ts
FN:13,(anonymous_0)
FN:15,(anonymous_1)
FN:18,(anonymous_2)
FN:24,(anonymous_3)
FN:28,(anonymous_4)
FNF:5
FNH:4
FNDA:4,(anonymous_0)
FNDA:0,(anonymous_1)
FNDA:1,(anonymous_2)
FNDA:1,(anonymous_3)
FNDA:1,(anonymous_4)
DA:9,1
DA:13,4
DA:19,1
DA:20,1
DA:21,1
DA:25,1
DA:29,1
LF:7
LH:7
BRF:0
BRH:0
end_of_record
TN:
SF:C:\Users\Ahmed\Desktop\ZenApp\Frontend\src\app\comment\comment.component.ts
FN:18,(anonymous_0)
FN:28,(anonymous_1)
FN:30,(anonymous_2)
FN:38,(anonymous_3)
FN:46,(anonymous_4)
FNF:5
FNH:5
FNDA:7,(anonymous_0)
FNDA:8,(anonymous_1)
FNDA:29,(anonymous_2)
FNDA:1,(anonymous_3)
FNDA:1,(anonymous_4)
DA:11,1
DA:15,7
DA:16,1
DA:18,7
DA:19,7
DA:20,7
DA:21,7
DA:22,7
DA:23,7
DA:24,7
DA:31,29
DA:32,29
DA:34,0
DA:39,1
DA:40,1
DA:41,1
DA:42,1
DA:43,1
DA:47,1
LF:19
LH:18
BRDA:20,0,0,7
BRDA:20,0,1,0
BRDA:31,1,0,29
BRDA:31,1,1,0
BRF:4
BRH:2
end_of_record
TN:
SF:C:\Users\Ahmed\Desktop\ZenApp\Frontend\src\app\footer\footer.component.ts
FN:11,(anonymous_0)
FN:13,(anonymous_1)
FNF:2
FNH:2
FNDA:2,(anonymous_0)
FNDA:1,(anonymous_1)
DA:9,1
DA:10,1
LF:2
LH:2
BRF:0
BRH:0
end_of_record
TN:
SF:C:\Users\Ahmed\Desktop\ZenApp\Frontend\src\app\header\header.component.ts
FN:12,(anonymous_0)
FN:15,(anonymous_1)
FN:19,(anonymous_2)
FN:24,(anonymous_3)
FNF:4
FNH:4
FNDA:5,(anonymous_0)
FNDA:5,(anonymous_1)
FNDA:1,(anonymous_2)
FNDA:97,(anonymous_3)
DA:10,1
DA:12,5
DA:13,5
DA:16,5
DA:20,1
DA:21,1
DA:25,97
LF:7
LH:7
BRF:0
BRH:0
end_of_record
TN:
SF:C:\Users\Ahmed\Desktop\ZenApp\Frontend\src\app\home\home.component.ts
FN:10,(anonymous_0)
FN:12,(anonymous_1)
FNF:2
FNH:2
FNDA:1,(anonymous_0)
FNDA:1,(anonymous_1)
DA:8,1
LF:1
LH:1
BRF:0
BRH:0
end_of_record
TN:
SF:C:\Users\Ahmed\Desktop\ZenApp\Frontend\src\app\home\home.route.ts
FNF:0
FNH:0
DA:4,1
LF:1
LH:1
BRF:0
BRH:0
end_of_record
TN:
SF:C:\Users\Ahmed\Desktop\ZenApp\Frontend\src\app\login\login\login.component.ts
FN:19,(anonymous_0)
FN:24,(anonymous_1)
FN:32,(anonymous_2)
FN:37,(anonymous_3)
FN:41,(anonymous_4)
FN:51,(anonymous_5)
FN:54,(anonymous_6)
FN:58,(anonymous_7)
FN:62,(anonymous_8)
FN:69,(anonymous_9)
FN:73,(anonymous_10)
FNF:11
FNH:5
FNDA:6,(anonymous_0)
FNDA:7,(anonymous_1)
FNDA:1,(anonymous_2)
FNDA:0,(anonymous_3)
FNDA:0,(anonymous_4)
FNDA:0,(anonymous_5)
FNDA:0,(anonymous_6)
FNDA:0,(anonymous_7)
FNDA:0,(anonymous_8)
FNDA:14,(anonymous_9)
FNDA:1,(anonymous_10)
DA:13,1
DA:17,6
DA:19,6
DA:20,6
DA:21,6
DA:22,6
DA:25,7
DA:33,1
DA:34,1
DA:35,1
DA:36,1
DA:38,0
DA:39,0
DA:40,0
DA:41,0
DA:42,0
DA:43,0
DA:44,0
DA:45,0
DA:46,0
DA:47,0
DA:48,0
DA:49,0
DA:51,0
DA:52,0
DA:55,0
DA:59,0
DA:63,0
DA:64,0
DA:70,14
DA:74,1
DA:75,1
DA:76,1
LF:33
LH:15
BRF:0
BRH:0
end_of_record
TN:
SF:C:\Users\Ahmed\Desktop\ZenApp\Frontend\src\app\meditation\practice\practice.component.ts
FN:24,(anonymous_0)
FN:28,(anonymous_1)
FN:34,(anonymous_2)
FN:40,(anonymous_3)
FN:52,(anonymous_4)
FN:57,(anonymous_5)
FN:61,(anonymous_6)
FN:64,(anonymous_7)
FN:70,(anonymous_8)
FN:78,(anonymous_9)
FN:91,(anonymous_10)
FN:97,(anonymous_11)
FNF:12
FNH:7
FNDA:4,(anonymous_0)
FNDA:5,(anonymous_1)
FNDA:1,(anonymous_2)
FNDA:0,(anonymous_3)
FNDA:0,(anonymous_4)
FNDA:0,(anonymous_5)
FNDA:0,(anonymous_6)
FNDA:0,(anonymous_7)
FNDA:73,(anonymous_8)
FNDA:2,(anonymous_9)
FNDA:2,(anonymous_10)
FNDA:2,(anonymous_11)
DA:17,1
DA:19,4
DA:22,4
DA:24,4
DA:25,4
DA:26,4
DA:29,5
DA:30,5
DA:31,5
DA:35,1
DA:36,1
DA:37,1
DA:41,0
DA:42,0
DA:43,0
DA:44,0
DA:45,0
DA:46,0
DA:47,0
DA:48,0
DA:49,0
DA:50,0
DA:51,0
DA:52,0
DA:53,0
DA:54,0
DA:55,0
DA:58,0
DA:60,0
DA:61,0
DA:62,0
DA:65,0
DA:71,73
DA:72,1
DA:74,72
DA:79,2
DA:80,2
DA:81,2
DA:82,0
DA:84,2
DA:86,2
DA:87,1
DA:93,2
DA:94,2
DA:95,2
DA:96,2
DA:98,2
DA:99,2
DA:100,0
DA:101,0
LF:50
LH:27
BRDA:51,0,0,0
BRDA:51,0,1,0
BRDA:51,1,0,0
BRDA:51,1,1,0
BRDA:60,2,0,0
BRDA:60,2,1,0
BRDA:60,3,0,0
BRDA:60,3,1,0
BRDA:71,4,0,1
BRDA:71,4,1,72
BRDA:81,5,0,0
BRDA:81,5,1,2
BRDA:86,6,0,1
BRDA:86,6,1,1
BRDA:98,7,0,2
BRDA:98,7,1,0
BRDA:99,8,0,0
BRDA:99,8,1,2
BRF:18
BRH:7
end_of_record
TN:
SF:C:\Users\Ahmed\Desktop\ZenApp\Frontend\src\app\meditation\user-manual\user-manual.component.ts
FN:10,(anonymous_0)
FN:12,(anonymous_1)
FNF:2
FNH:2
FNDA:1,(anonymous_0)
FNDA:1,(anonymous_1)
DA:8,1
LF:1
LH:1
BRF:0
BRH:0
end_of_record
TN:
SF:C:\Users\Ahmed\Desktop\ZenApp\Frontend\src\app\models\comment.model.ts
FN:5,(anonymous_0)
FNF:1
FNH:1
FNDA:17,(anonymous_0)
DA:6,17
DA:7,17
DA:8,17
LF:3
LH:3
BRF:0
BRH:0
end_of_record
TN:
SF:C:\Users\Ahmed\Desktop\ZenApp\Frontend\src\app\models\meditation.model.ts
FN:10,(anonymous_0)
FNF:1
FNH:1
FNDA:45,(anonymous_0)
DA:11,45
DA:12,45
DA:13,45
DA:14,45
DA:15,45
LF:5
LH:5
BRF:0
BRH:0
end_of_record
TN:
SF:C:\Users\Ahmed\Desktop\ZenApp\Frontend\src\app\models\session.model.ts
FN:9,(anonymous_0)
FNF:1
FNH:1
FNDA:7,(anonymous_0)
DA:10,7
DA:11,7
DA:12,7
DA:13,7
LF:4
LH:4
BRF:0
BRH:0
end_of_record
TN:
SF:C:\Users\Ahmed\Desktop\ZenApp\Frontend\src\app\models\yoga.model.ts
FN:17,(anonymous_0)
FNF:1
FNH:1
FNDA:5,(anonymous_0)
DA:18,5
DA:19,5
DA:20,5
DA:21,5
DA:22,5
DA:23,5
DA:24,5
DA:25,5
LF:8
LH:8
BRF:0
BRH:0
end_of_record
TN:
SF:C:\Users\Ahmed\Desktop\ZenApp\Frontend\src\app\models\yogi.model.ts
FN:9,(anonymous_0)
FNF:1
FNH:1
FNDA:5,(anonymous_0)
DA:10,5
DA:11,5
DA:12,5
DA:13,5
DA:14,5
DA:15,5
LF:6
LH:6
BRF:0
BRH:0
end_of_record
TN:
SF:C:\Users\Ahmed\Desktop\ZenApp\Frontend\src\app\pranayama\musique.enum.ts
FN:1,(anonymous_0)
FNF:1
FNH:1
FNDA:1,(anonymous_0)
DA:1,1
DA:2,1
DA:3,1
DA:4,1
LF:4
LH:4
BRDA:1,0,0,1
BRDA:1,0,1,1
BRF:2
BRH:2
end_of_record
TN:
SF:C:\Users\Ahmed\Desktop\ZenApp\Frontend\src\app\pranayama\pranayama.routes.ts
FNF:0
FNH:0
DA:6,1
DA:8,1
LF:2
LH:2
BRF:0
BRH:0
end_of_record
TN:
SF:C:\Users\Ahmed\Desktop\ZenApp\Frontend\src\app\pranayama\respiration.enum.ts
FN:1,(anonymous_0)
FNF:1
FNH:1
FNDA:1,(anonymous_0)
DA:1,1
DA:2,1
DA:3,1
DA:4,1
DA:5,1
LF:5
LH:5
BRDA:1,0,0,1
BRDA:1,0,1,1
BRF:2
BRH:2
end_of_record
TN:
SF:C:\Users\Ahmed\Desktop\ZenApp\Frontend\src\app\pranayama\practice\practice.component.ts
FN:38,(anonymous_0)
FN:50,(anonymous_1)
FN:57,(anonymous_2)
FN:101,(anonymous_3)
FN:107,(anonymous_4)
FN:108,(anonymous_5)
FN:111,(anonymous_6)
FN:113,(anonymous_7)
FN:118,(anonymous_8)
FN:127,(anonymous_9)
FN:128,(anonymous_10)
FN:131,(anonymous_11)
FN:137,(anonymous_12)
FN:138,(anonymous_13)
FN:151,(anonymous_14)
FN:161,(anonymous_15)
FN:172,(anonymous_16)
FN:176,(anonymous_17)
FN:180,(anonymous_18)
FN:183,(anonymous_19)
FN:189,(anonymous_20)
FN:200,(anonymous_21)
FN:206,(anonymous_22)
FN:209,(anonymous_23)
FN:219,(anonymous_24)
FN:223,(anonymous_25)
FN:231,(anonymous_26)
FN:235,(anonymous_27)
FN:244,(anonymous_28)
FN:249,(anonymous_29)
FN:260,(anonymous_30)
FNF:31
FNH:6
FNDA:7,(anonymous_0)
FNDA:8,(anonymous_1)
FNDA:0,(anonymous_2)
FNDA:1,(anonymous_3)
FNDA:0,(anonymous_4)
FNDA:0,(anonymous_5)
FNDA:0,(anonymous_6)
FNDA:0,(anonymous_7)
FNDA:2,(anonymous_8)
FNDA:0,(anonymous_9)
FNDA:0,(anonymous_10)
FNDA:0,(anonymous_11)
FNDA:0,(anonymous_12)
FNDA:0,(anonymous_13)
FNDA:0,(anonymous_14)
FNDA:0,(anonymous_15)
FNDA:0,(anonymous_16)
FNDA:0,(anonymous_17)
FNDA:0,(anonymous_18)
FNDA:0,(anonymous_19)
FNDA:0,(anonymous_20)
FNDA:0,(anonymous_21)
FNDA:0,(anonymous_22)
FNDA:0,(anonymous_23)
FNDA:1,(anonymous_24)
FNDA:0,(anonymous_25)
FNDA:0,(anonymous_26)
FNDA:0,(anonymous_27)
FNDA:0,(anonymous_28)
FNDA:0,(anonymous_29)
FNDA:7,(anonymous_30)
DA:20,1
DA:21,7
DA:32,7
DA:33,7
DA:34,7
DA:35,7
DA:38,7
DA:39,7
DA:40,7
DA:41,7
DA:42,0
DA:43,0
DA:45,7
DA:46,7
DA:51,8
DA:52,8
DA:53,8
DA:54,8
DA:58,0
DA:59,0
DA:60,0
DA:68,0
DA:69,0
DA:70,0
DA:78,0
DA:79,0
DA:80,0
DA:88,0
DA:89,0
DA:90,0
DA:102,1
DA:103,1
DA:104,1
DA:108,0
DA:109,0
DA:110,0
DA:112,0
DA:114,0
DA:119,2
DA:120,1
DA:121,1
DA:122,1
DA:123,1
DA:128,0
DA:129,0
DA:130,0
DA:131,0
DA:132,0
DA:138,0
DA:139,0
DA:140,0
DA:141,0
DA:142,0
DA:143,0
DA:144,0
DA:145,0
DA:152,0
DA:153,0
DA:154,0
DA:155,0
DA:156,0
DA:158,0
DA:162,0
DA:163,0
DA:164,0
DA:165,0
DA:166,0
DA:167,0
DA:168,0
DA:169,0
DA:170,0
DA:171,0
DA:172,0
DA:173,0
DA:174,0
DA:177,0
DA:180,0
DA:181,0
DA:184,0
DA:190,0
DA:191,0
DA:192,0
DA:193,0
DA:194,0
DA:195,0
DA:196,0
DA:201,0
DA:202,0
DA:203,0
DA:204,0
DA:205,0
DA:206,0
DA:207,0
DA:208,0
DA:209,0
DA:210,0
DA:212,0
DA:214,0
DA:215,0
DA:220,1
DA:224,0
DA:225,0
DA:226,0
DA:232,0
DA:236,0
DA:237,0
DA:238,0
DA:239,0
DA:240,0
DA:245,0
DA:246,0
DA:247,0
DA:248,0
DA:250,0
DA:251,0
DA:252,0
DA:253,0
DA:261,7
DA:262,7
DA:263,7
LF:120
LH:28
BRDA:41,0,0,0
BRDA:41,0,1,7
BRDA:58,1,0,0
BRDA:58,1,1,0
BRDA:68,2,0,0
BRDA:68,2,1,0
BRDA:78,3,0,0
BRDA:78,3,1,0
BRDA:88,4,0,0
BRDA:88,4,1,0
BRDA:119,5,0,1
BRDA:119,5,1,1
BRDA:122,6,0,1
BRDA:122,6,1,0
BRDA:139,7,0,0
BRDA:139,7,1,0
BRDA:142,8,0,0
BRDA:142,8,1,0
BRDA:142,9,0,0
BRDA:142,9,1,0
BRDA:171,10,0,0
BRDA:171,10,1,0
BRDA:193,11,0,0
BRDA:193,11,1,0
BRDA:195,12,0,0
BRDA:195,12,1,0
BRDA:204,13,0,0
BRDA:204,13,1,0
BRDA:214,14,0,0
BRDA:214,14,1,0
BRDA:225,15,0,0
BRDA:225,15,1,0
BRDA:239,16,0,0
BRDA:239,16,1,0
BRDA:250,17,0,0
BRDA:250,17,1,0
BRDA:251,18,0,0
BRDA:251,18,1,0
BRF:38
BRH:4
end_of_record
TN:
SF:C:\Users\Ahmed\Desktop\ZenApp\Frontend\src\app\pranayama\practice\practice.route.ts
FNF:0
FNH:0
DA:4,1
LF:1
LH:1
BRF:0
BRH:0
end_of_record
TN:
SF:C:\Users\Ahmed\Desktop\ZenApp\Frontend\src\app\pranayama\tuning\tuning.routes.ts
FNF:0
FNH:0
DA:10,1
DA:19,1
LF:2
LH:2
BRF:0
BRH:0
end_of_record
TN:
SF:C:\Users\Ahmed\Desktop\ZenApp\Frontend\src\app\pranayama\tuning\duration-breathing\duration-breathing.component.ts
FN:15,(anonymous_0)
FN:17,(anonymous_1)
FN:20,(anonymous_2)
FN:25,(anonymous_3)
FNF:4
FNH:4
FNDA:3,(anonymous_0)
FNDA:3,(anonymous_1)
FNDA:1,(anonymous_2)
FNDA:1,(anonymous_3)
DA:12,1
DA:13,3
DA:14,3
DA:15,3
DA:21,1
DA:22,1
DA:26,1
LF:7
LH:7
BRF:0
BRH:0
end_of_record
TN:
SF:C:\Users\Ahmed\Desktop\ZenApp\Frontend\src\app\pranayama\tuning\duration-breathing\duration-breathing.route.ts
FNF:0
FNH:0
DA:4,1
LF:1
LH:1
BRF:0
BRH:0
end_of_record
TN:
SF:C:\Users\Ahmed\Desktop\ZenApp\Frontend\src\app\pranayama\tuning\duration-session\duration-session.component.ts
FN:15,(anonymous_0)
FN:17,(anonymous_1)
FN:20,(anonymous_2)
FN:25,(anonymous_3)
FNF:4
FNH:4
FNDA:3,(anonymous_0)
FNDA:3,(anonymous_1)
FNDA:1,(anonymous_2)
FNDA:1,(anonymous_3)
DA:12,1
DA:13,3
DA:14,3
DA:15,3
DA:21,1
DA:22,1
DA:26,1
LF:7
LH:7
BRF:0
BRH:0
end_of_record
TN:
SF:C:\Users\Ahmed\Desktop\ZenApp\Frontend\src\app\pranayama\tuning\duration-session\duration-session.route.ts
FNF:0
FNH:0
DA:4,1
LF:1
LH:1
BRF:0
BRH:0
end_of_record
TN:
SF:C:\Users\Ahmed\Desktop\ZenApp\Frontend\src\app\pranayama\tuning\end-tuning\end-tuning.component.ts
FN:11,(anonymous_0)
FN:13,(anonymous_1)
FN:16,(anonymous_2)
FN:20,(anonymous_3)
FNF:4
FNH:3
FNDA:3,(anonymous_0)
FNDA:0,(anonymous_1)
FNDA:1,(anonymous_2)
FNDA:1,(anonymous_3)
DA:9,1
DA:11,3
DA:17,1
DA:21,1
LF:4
LH:4
BRF:0
BRH:0
end_of_record
TN:
SF:C:\Users\Ahmed\Desktop\ZenApp\Frontend\src\app\pranayama\tuning\end-tuning\end-tuning.route.ts
FNF:0
FNH:0
DA:4,1
LF:1
LH:1
BRF:0
BRH:0
end_of_record
TN:
SF:C:\Users\Ahmed\Desktop\ZenApp\Frontend\src\app\pranayama\tuning\musique-tuning\musique-tuning.component.ts
FN:13,(anonymous_0)
FN:15,(anonymous_1)
FN:18,(anonymous_2)
FN:23,(anonymous_3)
FNF:4
FNH:4
FNDA:3,(anonymous_0)
FNDA:3,(anonymous_1)
FNDA:1,(anonymous_2)
FNDA:1,(anonymous_3)
DA:11,1
DA:12,3
DA:13,3
DA:19,1
DA:20,1
DA:24,1
LF:6
LH:6
BRF:0
BRH:0
end_of_record
TN:
SF:C:\Users\Ahmed\Desktop\ZenApp\Frontend\src\app\pranayama\tuning\musique-tuning\musique-tuning.route.ts
FNF:0
FNH:0
DA:4,1
LF:1
LH:1
BRF:0
BRH:0
end_of_record
TN:
SF:C:\Users\Ahmed\Desktop\ZenApp\Frontend\src\app\pranayama\tuning\start-tuning\start-tuning.component.ts
FN:11,(anonymous_0)
FN:13,(anonymous_1)
FN:16,(anonymous_2)
FNF:3
FNH:3
FNDA:2,(anonymous_0)
FNDA:2,(anonymous_1)
FNDA:1,(anonymous_2)
DA:9,1
DA:11,2
DA:17,1
LF:3
LH:3
BRF:0
BRH:0
end_of_record
TN:
SF:C:\Users\Ahmed\Desktop\ZenApp\Frontend\src\app\pranayama\tuning\start-tuning\start-tuning.route.ts
FNF:0
FNH:0
DA:4,1
LF:1
LH:1
BRF:0
BRH:0
end_of_record
TN:
SF:C:\Users\Ahmed\Desktop\ZenApp\Frontend\src\app\pranayama\tuning\type-resp\type-resp.component.ts
FN:13,(anonymous_0)
FN:15,(anonymous_1)
FN:18,(anonymous_2)
FN:25,(anonymous_3)
FNF:4
FNH:4
FNDA:3,(anonymous_0)
FNDA:3,(anonymous_1)
FNDA:1,(anonymous_2)
FNDA:1,(anonymous_3)
DA:11,1
DA:12,3
DA:13,3
DA:19,1
DA:20,1
DA:21,1
DA:26,1
LF:7
LH:7
BRF:0
BRH:0
end_of_record
TN:
SF:C:\Users\Ahmed\Desktop\ZenApp\Frontend\src\app\pranayama\tuning\type-resp\type-resp.route.ts
FNF:0
FNH:0
DA:4,1
LF:1
LH:1
BRF:0
BRH:0
end_of_record
TN:
SF:C:\Users\Ahmed\Desktop\ZenApp\Frontend\src\app\pranayama\user-manual\user-manual.component.ts
FN:10,(anonymous_0)
FN:12,(anonymous_1)
FNF:2
FNH:2
FNDA:1,(anonymous_0)
FNDA:1,(anonymous_1)
DA:8,1
LF:1
LH:1
BRF:0
BRH:0
end_of_record
TN:
SF:C:\Users\Ahmed\Desktop\ZenApp\Frontend\src\app\pranayama\user-manual\user-manual.route.ts
FNF:0
FNH:0
DA:4,1
LF:1
LH:1
BRF:0
BRH:0
end_of_record
TN:
SF:C:\Users\Ahmed\Desktop\ZenApp\Frontend\src\app\request-reset-password\request-reset-password.component.ts
FN:17,(anonymous_0)
FN:24,(anonymous_1)
FN:32,(anonymous_2)
FN:36,(anonymous_3)
FN:40,(anonymous_4)
FN:45,(anonymous_5)
FNF:6
FNH:3
FNDA:5,(anonymous_0)
FNDA:5,(anonymous_1)
FNDA:2,(anonymous_2)
FNDA:0,(anonymous_3)
FNDA:0,(anonymous_4)
FNDA:0,(anonymous_5)
DA:11,1
DA:15,5
DA:18,5
DA:19,5
DA:25,5
DA:33,2
DA:34,1
DA:35,1
DA:37,0
DA:38,0
DA:39,0
DA:40,0
DA:41,0
DA:42,0
DA:46,0
DA:47,0
DA:52,1
LF:17
LH:9
BRDA:33,0,0,1
BRDA:33,0,1,1
BRDA:46,1,0,0
BRDA:46,1,1,0
BRF:4
BRH:2
end_of_record
TN:
SF:C:\Users\Ahmed\Desktop\ZenApp\Frontend\src\app\response-reset-password\response-reset-password.component.ts
FN:20,(anonymous_0)
FN:26,(anonymous_1)
FN:32,(anonymous_2)
FN:36,(anonymous_3)
FN:38,(anonymous_4)
FN:41,(anonymous_5)
FN:47,(anonymous_6)
FN:59,(anonymous_7)
FN:63,(anonymous_8)
FN:68,(anonymous_9)
FN:71,(anonymous_10)
FN:75,(anonymous_11)
FN:80,(anonymous_12)
FNF:13
FNH:6
FNDA:6,(anonymous_0)
FNDA:6,(anonymous_1)
FNDA:7,(anonymous_2)
FNDA:8,(anonymous_3)
FNDA:0,(anonymous_4)
FNDA:0,(anonymous_5)
FNDA:7,(anonymous_6)
FNDA:2,(anonymous_7)
FNDA:0,(anonymous_8)
FNDA:0,(anonymous_9)
FNDA:0,(anonymous_10)
FNDA:0,(anonymous_11)
FNDA:0,(anonymous_12)
DA:12,1
DA:19,6
DA:21,6
DA:22,6
DA:23,6
DA:24,6
DA:25,6
DA:26,6
DA:27,6
DA:28,6
DA:33,7
DA:37,8
DA:39,0
DA:42,0
DA:48,7
DA:60,2
DA:61,1
DA:62,1
DA:64,0
DA:65,0
DA:66,0
DA:67,0
DA:69,0
DA:72,0
DA:75,0
DA:76,0
DA:77,0
DA:81,0
DA:82,0
DA:86,1
LF:30
LH:17
BRDA:60,0,0,1
BRDA:60,0,1,1
BRDA:81,1,0,0
BRDA:81,1,1,0
BRF:4
BRH:2
end_of_record
TN:
SF:C:\Users\Ahmed\Desktop\ZenApp\Frontend\src\app\services\auth-interceptor.service.ts
FN:11,(anonymous_0)
FN:19,(anonymous_1)
FNF:2
FNH:0
FNDA:0,(anonymous_0)
FNDA:0,(anonymous_1)
DA:10,1
DA:12,0
DA:13,0
DA:14,0
DA:15,0
DA:17,0
DA:21,0
DA:22,0
DA:24,0
DA:25,0
LF:10
LH:1
BRDA:21,0,0,0
BRDA:21,0,1,0
BRDA:21,1,0,0
BRDA:21,1,1,0
BRDA:24,2,0,0
BRDA:24,2,1,0
BRF:6
BRH:0
end_of_record
TN:
SF:C:\Users\Ahmed\Desktop\ZenApp\Frontend\src\app\services\authentification.service.ts
FN:8,(anonymous_0)
FN:10,(anonymous_1)
FN:15,(anonymous_2)
FN:19,(anonymous_3)
FN:23,(anonymous_4)
FNF:5
FNH:4
FNDA:12,(anonymous_0)
FNDA:0,(anonymous_1)
FNDA:97,(anonymous_2)
FNDA:5,(anonymous_3)
FNDA:1,(anonymous_4)
DA:6,1
DA:7,12
DA:11,0
DA:12,0
DA:16,97
DA:20,5
DA:24,1
DA:25,1
LF:8
LH:6
BRDA:16,0,0,97
BRDA:16,0,1,97
BRF:2
BRH:2
end_of_record
TN:
SF:C:\Users\Ahmed\Desktop\ZenApp\Frontend\src\app\services\calendrier.service.ts
FN:10,(anonymous_0)
FN:13,(anonymous_1)
FN:17,(anonymous_2)
FN:21,(anonymous_3)
FN:25,(anonymous_4)
FNF:5
FNH:5
FNDA:15,(anonymous_0)
FNDA:1,(anonymous_1)
FNDA:1,(anonymous_2)
FNDA:1,(anonymous_3)
FNDA:1,(anonymous_4)
DA:8,1
DA:9,15
DA:10,15
DA:14,1
DA:18,1
DA:22,1
DA:26,1
LF:7
LH:7
BRF:0
BRH:0
end_of_record
TN:
SF:C:\Users\Ahmed\Desktop\ZenApp\Frontend\src\app\services\meditation.service.ts
FN:45,(anonymous_0)
FN:47,(anonymous_1)
FNF:2
FNH:2
FNDA:5,(anonymous_0)
FNDA:5,(anonymous_1)
DA:9,1
DA:11,5
DA:12,5
DA:22,5
DA:33,5
DA:48,5
DA:49,5
DA:50,45
DA:57,45
LF:9
LH:9
BRF:0
BRH:0
end_of_record
TN:
SF:C:\Users\Ahmed\Desktop\ZenApp\Frontend\src\app\services\pranayama.service.ts
FN:13,(anonymous_0)
FN:15,(anonymous_1)
FN:23,(anonymous_2)
FN:27,(anonymous_3)
FN:31,(anonymous_4)
FN:35,(anonymous_5)
FNF:6
FNH:2
FNDA:20,(anonymous_0)
FNDA:7,(anonymous_1)
FNDA:0,(anonymous_2)
FNDA:0,(anonymous_3)
FNDA:0,(anonymous_4)
FNDA:0,(anonymous_5)
DA:10,1
DA:16,7
DA:17,7
DA:18,7
DA:19,7
DA:20,7
DA:24,0
DA:28,0
DA:32,0
DA:36,0
LF:10
LH:6
BRF:0
BRH:0
end_of_record
TN:
SF:C:\Users\Ahmed\Desktop\ZenApp\Frontend\src\app\services\statistics.service.ts
FN:10,(anonymous_0)
FN:13,(anonymous_1)
FN:19,(anonymous_2)
FN:27,(anonymous_3)
FN:31,(anonymous_4)
FN:42,(anonymous_5)
FN:58,(anonymous_6)
FN:69,(anonymous_7)
FN:80,(anonymous_8)
FN:87,(anonymous_9)
FN:99,(anonymous_10)
FNF:11
FNH:8
FNDA:7,(anonymous_0)
FNDA:1,(anonymous_1)
FNDA:1,(anonymous_2)
FNDA:1,(anonymous_3)
FNDA:1,(anonymous_4)
FNDA:0,(anonymous_5)
FNDA:1,(anonymous_6)
FNDA:0,(anonymous_7)
FNDA:1,(anonymous_8)
FNDA:0,(anonymous_9)
FNDA:1,(anonymous_10)
DA:8,1
DA:9,7
DA:14,1
DA:15,1
DA:20,1
DA:21,1
DA:22,1
DA:23,1
DA:28,1
DA:32,1
DA:34,1
DA:35,6
DA:36,6
DA:38,1
DA:43,0
DA:44,0
DA:45,0
DA:46,0
DA:47,0
DA:49,0
DA:52,0
DA:54,0
DA:59,1
DA:61,1
DA:62,3
DA:63,3
DA:65,1
DA:70,0
DA:72,0
DA:73,0
DA:74,0
DA:76,0
DA:81,1
DA:82,1
DA:83,1
DA:88,0
DA:89,0
DA:90,0
DA:91,0
DA:92,0
DA:94,0
DA:100,1
DA:101,1
DA:102,2
DA:103,2
DA:104,2
DA:106,1
DA:109,2
DA:111,1
LF:49
LH:30
BRDA:47,0,0,0
BRDA:47,0,1,0
BRDA:47,1,0,0
BRDA:47,1,1,0
BRDA:104,2,0,1
BRDA:104,2,1,1
BRDA:104,3,0,2
BRDA:104,3,1,1
BRF:8
BRH:4
end_of_record
TN:
SF:C:\Users\Ahmed\Desktop\ZenApp\Frontend\src\app\services\yogi.service.ts
FN:10,(anonymous_0)
FN:12,(anonymous_1)
FN:16,(anonymous_2)
FN:20,(anonymous_3)
FN:24,(anonymous_4)
FN:28,(anonymous_5)
FN:32,(anonymous_6)
FN:36,(anonymous_7)
FN:40,(anonymous_8)
FN:44,(anonymous_9)
FNF:10
FNH:10
FNDA:32,(anonymous_0)
FNDA:2,(anonymous_1)
FNDA:1,(anonymous_2)
FNDA:2,(anonymous_3)
FNDA:1,(anonymous_4)
FNDA:1,(anonymous_5)
FNDA:2,(anonymous_6)
FNDA:1,(anonymous_7)
FNDA:2,(anonymous_8)
FNDA:9,(anonymous_9)
DA:7,1
DA:8,32
DA:10,32
DA:13,2
DA:17,1
DA:21,2
DA:25,1
DA:29,1
DA:33,2
DA:37,1
DA:41,2
DA:45,9
LF:12
LH:12
BRF:0
BRH:0
end_of_record
TN:
SF:C:\Users\Ahmed\Desktop\ZenApp\Frontend\src\app\sign-up\sign-up\must-match.validator.ts
FN:4,MustMatch
FN:5,(anonymous_1)
FNF:2
FNH:2
FNDA:14,MustMatch
FNDA:69,(anonymous_1)
DA:5,14
DA:6,69
DA:7,69
DA:9,69
DA:11,65
DA:15,4
DA:16,2
DA:18,2
LF:8
LH:8
BRDA:9,0,0,65
BRDA:9,0,1,4
BRDA:9,1,0,69
BRDA:9,1,1,66
BRDA:15,2,0,2
BRDA:15,2,1,2
BRF:6
BRH:6
end_of_record
TN:
SF:C:\Users\Ahmed\Desktop\ZenApp\Frontend\src\app\sign-up\sign-up\sign-up.component.ts
FN:17,(anonymous_0)
FN:21,(anonymous_1)
FN:34,(anonymous_2)
FN:43,(anonymous_3)
FN:46,(anonymous_4)
FN:53,(anonymous_5)
FN:58,(anonymous_6)
FNF:7
FNH:5
FNDA:6,(anonymous_0)
FNDA:7,(anonymous_1)
FNDA:1,(anonymous_2)
FNDA:0,(anonymous_3)
FNDA:0,(anonymous_4)
FNDA:1,(anonymous_5)
FNDA:14,(anonymous_6)
DA:13,1
DA:17,6
DA:18,6
DA:19,6
DA:22,7
DA:35,1
DA:36,1
DA:37,1
DA:38,1
DA:39,1
DA:40,1
DA:41,1
DA:42,1
DA:44,0
DA:47,0
DA:48,0
DA:54,1
DA:55,1
DA:59,14
LF:19
LH:16
BRF:0
BRH:0
end_of_record
TN:
SF:C:\Users\Ahmed\Desktop\ZenApp\Frontend\src\app\statistics\statistics\statistics.component.ts
FN:68,(anonymous_0)
FN:73,(anonymous_1)
FN:88,(anonymous_2)
FN:32,(anonymous_3)
FN:36,(anonymous_4)
FN:93,(anonymous_5)
FN:99,(anonymous_6)
FN:100,(anonymous_7)
FN:106,(anonymous_8)
FN:111,(anonymous_9)
FN:112,(anonymous_10)
FN:119,(anonymous_11)
FN:124,(anonymous_12)
FN:125,(anonymous_13)
FN:128,(anonymous_14)
FN:134,(anonymous_15)
FN:138,(anonymous_16)
FN:154,(anonymous_17)
FN:171,(anonymous_18)
FN:175,(anonymous_19)
FN:179,(anonymous_20)
FN:184,(anonymous_21)
FN:188,(anonymous_22)
FN:192,(anonymous_23)
FN:196,(anonymous_24)
FN:203,(anonymous_25)
FNF:26
FNH:0
FNDA:0,(anonymous_0)
FNDA:0,(anonymous_1)
FNDA:0,(anonymous_2)
FNDA:0,(anonymous_3)
FNDA:0,(anonymous_4)
FNDA:0,(anonymous_5)
FNDA:0,(anonymous_6)
FNDA:0,(anonymous_7)
FNDA:0,(anonymous_8)
FNDA:0,(anonymous_9)
FNDA:0,(anonymous_10)
FNDA:0,(anonymous_11)
FNDA:0,(anonymous_12)
FNDA:0,(anonymous_13)
FNDA:0,(anonymous_14)
FNDA:0,(anonymous_15)
FNDA:0,(anonymous_16)
FNDA:0,(anonymous_17)
FNDA:0,(anonymous_18)
FNDA:0,(anonymous_19)
FNDA:0,(anonymous_20)
FNDA:0,(anonymous_21)
FNDA:0,(anonymous_22)
FNDA:0,(anonymous_23)
FNDA:0,(anonymous_24)
FNDA:0,(anonymous_25)
DA:16,1
DA:25,0
DA:26,0
DA:27,0
DA:28,1
DA:32,1
DA:33,0
DA:34,0
DA:36,1
DA:37,0
DA:38,0
DA:40,0
DA:41,0
DA:42,0
DA:43,0
DA:44,0
DA:45,0
DA:48,0
DA:49,0
DA:50,0
DA:55,0
DA:56,0
DA:57,0
DA:58,0
DA:68,0
DA:69,0
DA:70,0
DA:71,0
DA:72,0
DA:73,0
DA:74,0
DA:75,0
DA:76,0
DA:77,0
DA:78,0
DA:79,0
DA:80,0
DA:81,0
DA:82,0
DA:83,0
DA:84,0
DA:86,0
DA:89,0
DA:94,0
DA:95,0
DA:96,0
DA:100,0
DA:101,0
DA:102,0
DA:103,0
DA:104,0
DA:107,0
DA:112,0
DA:113,0
DA:114,0
DA:115,0
DA:117,0
DA:120,0
DA:125,0
DA:126,0
DA:129,0
DA:135,0
DA:139,0
DA:140,0
DA:141,0
DA:142,0
DA:143,0
DA:146,0
DA:149,0
DA:151,0
DA:155,0
DA:156,0
DA:157,0
DA:158,0
DA:159,0
DA:162,0
DA:165,0
DA:167,0
DA:172,0
DA:176,0
DA:180,0
DA:185,0
DA:189,0
DA:193,0
DA:197,0
DA:198,0
DA:199,0
DA:200,0
DA:204,0
DA:205,0
DA:206,0
LF:91
LH:4
BRDA:143,0,0,0
BRDA:143,0,1,0
BRDA:143,1,0,0
BRDA:143,1,1,0
BRDA:143,1,2,0
BRDA:159,2,0,0
BRDA:159,2,1,0
BRDA:159,3,0,0
BRDA:159,3,1,0
BRDA:159,3,2,0
BRF:10
BRH:0
end_of_record
